<?xml version="1.0" encoding="UTF-8"?>
<testsuite xmlns:xsi="http://www.w3.org/2001/XMLSchema-instance" xsi:noNamespaceSchemaLocation="https://maven.apache.org/surefire/maven-surefire-plugin/xsd/surefire-test-report.xsd" name="code.TqsStackTest" time="0.039" tests="9" errors="0" skipped="0" failures="0">
  <properties>
[...]
</properties>
  <testcase name="NPushes" classname="code.TqsStackTest" time="0.02"/>
  <testcase name="push_and_pop" classname="code.TqsStackTest" time="0"/>
  <testcase name="push_and_peek" classname="code.TqsStackTest" time="0.001"/>
  <testcase name="nPops" classname="code.TqsStackTest" time="0.002"/>
  <testcase name="TqsStackSizeZero" classname="code.TqsStackTest" time="0.001"/>
  <testcase name="popEmpty" classname="code.TqsStackTest" time="0.002"/>
  <testcase name="pushFull" classname="code.TqsStackTest" time="0.001"/>
  <testcase name="peekEmpty" classname="code.TqsStackTest" time="0.001"/>
  <testcase name="TqsStackEmpty" classname="code.TqsStackTest" time="0.001"/>
</testsuite>